<?xml version="1.0" encoding="UTF-8"?>
<!-- Generated by org.testng.reporters.JUnitReportReporter -->
<testsuite hostname="DESKTOP-IPFSRK6" failures="0" tests="2" name="testClass.TC001_AccountRegistrationTest" time="4.625" errors="0" timestamp="2024-12-13T08:08:26 IST" skipped="0">
  <testcase classname="testClass.TC001_AccountRegistrationTest" name="verifyAccountRegistration" time="2.377"/>
  <testcase classname="testClass.TC001_AccountRegistrationTest" name="verifyAccountRegistration" time="2.248"/>
</testsuite> <!-- testClass.TC001_AccountRegistrationTest -->
