<?xml version="1.0" encoding="UTF-8"?>
<!-- Generated by org.testng.reporters.JUnitReportReporter -->
<testsuite hostname="DESKTOP-IPFSRK6" failures="0" tests="6" name="testClass.TC003_Login_DDT" time="30.714" errors="0" timestamp="2024-12-11T17:32:16 IST" skipped="0">
  <testcase classname="testClass.TC003_Login_DDT" name="loginVerifyDDT" time="6.352"/>
  <testcase classname="testClass.TC003_Login_DDT" name="loginVerifyDDT" time="6.795"/>
  <testcase classname="testClass.TC003_Login_DDT" name="loginVerifyDDT" time="2.263"/>
  <testcase classname="testClass.TC003_Login_DDT" name="loginVerifyDDT" time="2.646"/>
  <testcase classname="testClass.TC003_Login_DDT" name="loginVerifyDDT" time="6.094"/>
  <testcase classname="testClass.TC003_Login_DDT" name="loginVerifyDDT" time="6.564"/>
</testsuite> <!-- testClass.TC003_Login_DDT -->
