<?xml version="1.0" encoding="UTF-8"?>
<!-- Generated by org.testng.reporters.JUnitReportReporter -->
<testsuite hostname="DESKTOP-IPFSRK6" failures="0" tests="2" name="testClass.TC002_LoginTest" time="3.481" errors="0" timestamp="2024-12-13T08:08:26 IST" skipped="0">
  <testcase classname="testClass.TC002_LoginTest" name="verifyLogin" time="1.645"/>
  <testcase classname="testClass.TC002_LoginTest" name="verifyLogin" time="1.836"/>
</testsuite> <!-- testClass.TC002_LoginTest -->
