<?xml version="1.0" encoding="UTF-8"?>
<!-- Generated by org.testng.reporters.JUnitReportReporter -->
<testsuite hostname="DESKTOP-IPFSRK6" failures="0" tests="1" name="testClass.TC001_AccountRegistrationTest" time="2.542" errors="0" timestamp="2024-12-17T08:42:17 IST" skipped="0">
  <testcase classname="testClass.TC001_AccountRegistrationTest" name="verifyAccountRegistration" time="2.542"/>
</testsuite> <!-- testClass.TC001_AccountRegistrationTest -->
