<?xml version="1.0" encoding="UTF-8"?>
<!-- Generated by org.testng.reporters.JUnitReportReporter -->
<testsuite hostname="DESKTOP-IPFSRK6" failures="0" tests="6" name="testClass.TC003_Login_DDT" time="28.050" errors="0" timestamp="2024-12-17T08:42:17 IST" skipped="0">
  <testcase classname="testClass.TC003_Login_DDT" name="loginVerifyDDT" time="1.969"/>
  <testcase classname="testClass.TC003_Login_DDT" name="loginVerifyDDT" time="6.111"/>
  <testcase classname="testClass.TC003_Login_DDT" name="loginVerifyDDT" time="6.166"/>
  <testcase classname="testClass.TC003_Login_DDT" name="loginVerifyDDT" time="6.070"/>
  <testcase classname="testClass.TC003_Login_DDT" name="loginVerifyDDT" time="1.648"/>
  <testcase classname="testClass.TC003_Login_DDT" name="loginVerifyDDT" time="6.086"/>
</testsuite> <!-- testClass.TC003_Login_DDT -->
